0 info it worked if it ends with ok
1 verbose cli [ 'node',
1 verbose cli   '/usr/local/bin/npm',
1 verbose cli   'install',
1 verbose cli   '-g',
1 verbose cli   'demeteorizer@next' ]
2 info using npm@2.10.1
3 info using node@v0.12.4
4 verbose install initial load of /usr/local/lib/package.json
5 verbose readDependencies loading dependencies from /usr/local/lib/package.json
6 silly cache add args [ 'demeteorizer@next', null ]
7 verbose cache add spec demeteorizer@next
8 silly cache add parsed spec { raw: 'demeteorizer@next',
8 silly cache add   scope: null,
8 silly cache add   name: 'demeteorizer',
8 silly cache add   rawSpec: 'next',
8 silly cache add   spec: 'next',
8 silly cache add   type: 'tag' }
9 silly addNamed demeteorizer@next
10 verbose addNamed "next" is being treated as a dist-tag for demeteorizer
11 info addNameTag [ 'demeteorizer', 'next' ]
12 silly mapToRegistry name demeteorizer
13 silly mapToRegistry using default registry
14 silly mapToRegistry registry https://registry.npmjs.org/
15 silly mapToRegistry uri https://registry.npmjs.org/demeteorizer
16 verbose addNameTag registry:https://registry.npmjs.org/demeteorizer not in flight; fetching
17 verbose request uri https://registry.npmjs.org/demeteorizer
18 verbose request no auth needed
19 info attempt registry request try #1 at 12:34:42 AM
20 verbose request id f6867933c1e4446c
21 verbose etag "1HEHZ1KP7YDOE1A40PKC9TKH4"
22 http request GET https://registry.npmjs.org/demeteorizer
23 http 200 https://registry.npmjs.org/demeteorizer
24 silly get cb [ 200,
24 silly get   { server: 'CouchDB/1.5.0 (Erlang OTP/R16B03)',
24 silly get     etag: '"1DN3AY1U45RR6RDFITAI81PL3"',
24 silly get     'content-type': 'application/json',
24 silly get     'content-encoding': 'gzip',
24 silly get     'cache-control': 'max-age=300',
24 silly get     'content-length': '11632',
24 silly get     'accept-ranges': 'bytes',
24 silly get     date: 'Thu, 28 Apr 2016 22:34:43 GMT',
24 silly get     via: '1.1 varnish',
24 silly get     age: '0',
24 silly get     connection: 'keep-alive',
24 silly get     'x-served-by': 'cache-fra1232-FRA',
24 silly get     'x-cache': 'MISS',
24 silly get     'x-cache-hits': '0',
24 silly get     'x-timer': 'S1461882883.035599,VS0,VE391',
24 silly get     vary: 'Accept-Encoding' } ]
25 verbose get saving demeteorizer to /Users/janczibula/.npm/registry.npmjs.org/demeteorizer/.cache.json
26 silly addNameTag next cb for demeteorizer with tag next
27 verbose stack Error: No compatible version found: demeteorizer@'next'
27 verbose stack Valid install targets:
27 verbose stack ["0.1.0","0.2.0","0.2.1","0.2.2","0.2.3","0.2.4","0.2.5","0.2.6","0.2.7","0.2.8","0.2.9","0.3.0","0.3.1","0.3.2","0.4.0","0.5.0","0.6.0","0.6.1","0.7.0","0.8.0","0.8.1","0.9.0","1.0.0","1.0.1","1.0.2","1.0.3","2.0.0","2.0.1","2.0.2","2.0.3","2.0.4","2.0.5","2.0.6","2.1.0","2.1.1","2.1.2","2.1.3","2.2.0","2.2.1","2.2.2","2.2.3","2.2.4","2.2.5","2.2.6","2.2.7","2.2.8","2.2.9","2.2.10","2.3.0","2.3.1","3.0.0-alpha.1","3.0.0-alpha.2","3.0.0-alpha.3","3.0.0-alpha.4","3.0.0-alpha.5","3.0.0-beta.1","3.0.0-beta.2","3.0.0-beta.3","3.0.0","3.0.1","3.1.0"]
27 verbose stack
27 verbose stack     at installTargetsError (/usr/local/lib/node_modules/npm/lib/cache/add-named.js:274:12)
27 verbose stack     at next (/usr/local/lib/node_modules/npm/lib/cache/add-named.js:94:10)
27 verbose stack     at RES (/usr/local/lib/node_modules/npm/node_modules/inflight/inflight.js:23:14)
27 verbose stack     at f (/usr/local/lib/node_modules/npm/node_modules/once/once.js:17:25)
27 verbose stack     at fixName (/usr/local/lib/node_modules/npm/lib/cache/add-named.js:29:5)
27 verbose stack     at saved (/usr/local/lib/node_modules/npm/lib/cache/caching-client.js:173:7)
27 verbose stack     at FSReqWrap.oncomplete (fs.js:95:15)
28 verbose cwd /meteor/archi
29 error Darwin 14.5.0
30 error argv "node" "/usr/local/bin/npm" "install" "-g" "demeteorizer@next"
31 error node v0.12.4
32 error npm  v2.10.1
33 error code ETARGET
34 error notarget No compatible version found: demeteorizer@'next'
34 error notarget Valid install targets:
34 error notarget ["0.1.0","0.2.0","0.2.1","0.2.2","0.2.3","0.2.4","0.2.5","0.2.6","0.2.7","0.2.8","0.2.9","0.3.0","0.3.1","0.3.2","0.4.0","0.5.0","0.6.0","0.6.1","0.7.0","0.8.0","0.8.1","0.9.0","1.0.0","1.0.1","1.0.2","1.0.3","2.0.0","2.0.1","2.0.2","2.0.3","2.0.4","2.0.5","2.0.6","2.1.0","2.1.1","2.1.2","2.1.3","2.2.0","2.2.1","2.2.2","2.2.3","2.2.4","2.2.5","2.2.6","2.2.7","2.2.8","2.2.9","2.2.10","2.3.0","2.3.1","3.0.0-alpha.1","3.0.0-alpha.2","3.0.0-alpha.3","3.0.0-alpha.4","3.0.0-alpha.5","3.0.0-beta.1","3.0.0-beta.2","3.0.0-beta.3","3.0.0","3.0.1","3.1.0"]
34 error notarget
34 error notarget This is most likely not a problem with npm itself.
34 error notarget In most cases you or one of your dependencies are requesting
34 error notarget a package version that doesn't exist.
35 verbose exit [ 1, true ]
